Grammar

    0 $accept: c $end

    1 c: p


Terminals, with rules where they appear

$end (0) 0
error (256)
p (258) 1


Nonterminals, with rules where they appear

$accept (4)
    on left: 0
c (5)
    on left: 1, on right: 0


State 0

    0 $accept: . c $end

    p  shift, and go to state 1

    c  go to state 2


State 1

    1 c: p .

    $default  reduce using rule 1 (c)


State 2

    0 $accept: c . $end

    $end  shift, and go to state 3


State 3

    0 $accept: c $end .

    $default  accept
